<?xml version="1.0" encoding="UTF-8"?>
<!-- Generated by org.testng.reporters.JUnitXMLReporter -->
<testsuite ignored="0" hostname="LAPTOP-90724PDM" failures="0" tests="20" name="Default test" time="319.267" errors="0" timestamp="2020-07-05T17:20:51 IST">
  <testcase classname="Test.Test_new" name="Testing1" time="4.804"/>
  <testcase classname="Test.Test_new" name="Testing2" time="18.855"/>
  <testcase classname="Test.Test_new" name="Testing3" time="25.0"/>
  <testcase classname="Test.Test_new" name="Testing4" time="2.101"/>
  <testcase classname="Test.Test_new" name="Testing5" time="1.864"/>
  <testcase classname="Test.Test_new" name="Testing6" time="1.841"/>
  <testcase classname="Test.Test_new" name="Testing7" time="2.054"/>
  <testcase classname="Test.Test_new" name="Testing8" time="29.58"/>
  <testcase classname="Test.Test_new" name="Testing9" time="31.963"/>
  <testcase classname="Test.Test_new" name="Testing10" time="1.771"/>
  <testcase classname="Test.Test_new" name="Testing11" time="1.751"/>
  <testcase classname="Test.Test_new" name="Testing12" time="1.801"/>
  <testcase classname="Test.Test_new" name="Testing13" time="35.909"/>
  <testcase classname="Test.Test_new" name="Testing14" time="1.591"/>
  <testcase classname="Test.Test_new" name="Testing15" time="41.967"/>
  <testcase classname="Test.Test_new" name="Testing16" time="44.537"/>
  <testcase classname="Test.Test_new" name="Testing17" time="1.503"/>
  <testcase classname="Test.Test_new" name="Testing18" time="48.607"/>
  <testcase classname="Test.Test_new" name="Testing19" time="1.518"/>
  <testcase classname="Test.Test_new" name="Testing20" time="1.693"/>
</testsuite> <!-- Default test -->
