<?xml version="1.0" encoding="UTF-8"?>
<testng-results ignored="0" total="20" passed="20" failed="0" skipped="0">
  <reporter-output>
  </reporter-output>
  <suite started-at="2020-07-05T17:15:31 IST" name="Default suite" finished-at="2020-07-05T17:20:51 IST" duration-ms="319267">
    <groups>
    </groups>
    <test started-at="2020-07-05T17:15:31 IST" name="Default test" finished-at="2020-07-05T17:20:51 IST" duration-ms="319267">
      <class name="Test.Test_new">
        <test-method is-config="true" signature="setUp()[pri:0, instance:Test.Test_new@4313f5bc]" started-at="2020-07-05T17:15:31 IST" name="setUp" finished-at="2020-07-05T17:15:49 IST" duration-ms="18080" status="PASS">
          <reporter-output>
          </reporter-output>
        </test-method> <!-- setUp -->
        <test-method signature="Testing1()[pri:1, instance:Test.Test_new@4313f5bc]" started-at="2020-07-05T17:15:49 IST" name="Testing1" finished-at="2020-07-05T17:15:54 IST" duration-ms="4804" status="PASS">
          <reporter-output>
          </reporter-output>
        </test-method> <!-- Testing1 -->
        <test-method signature="Testing2()[pri:2, instance:Test.Test_new@4313f5bc]" started-at="2020-07-05T17:15:54 IST" name="Testing2" finished-at="2020-07-05T17:16:13 IST" duration-ms="18855" status="PASS">
          <reporter-output>
          </reporter-output>
        </test-method> <!-- Testing2 -->
        <test-method signature="Testing3()[pri:3, instance:Test.Test_new@4313f5bc]" started-at="2020-07-05T17:16:13 IST" name="Testing3" finished-at="2020-07-05T17:16:38 IST" duration-ms="25000" status="PASS">
          <reporter-output>
          </reporter-output>
        </test-method> <!-- Testing3 -->
        <test-method signature="Testing4()[pri:4, instance:Test.Test_new@4313f5bc]" started-at="2020-07-05T17:16:38 IST" name="Testing4" finished-at="2020-07-05T17:16:40 IST" duration-ms="2101" status="PASS">
          <reporter-output>
          </reporter-output>
        </test-method> <!-- Testing4 -->
        <test-method signature="Testing5()[pri:5, instance:Test.Test_new@4313f5bc]" started-at="2020-07-05T17:16:40 IST" name="Testing5" finished-at="2020-07-05T17:16:42 IST" duration-ms="1864" status="PASS">
          <reporter-output>
          </reporter-output>
        </test-method> <!-- Testing5 -->
        <test-method signature="Testing6()[pri:6, instance:Test.Test_new@4313f5bc]" started-at="2020-07-05T17:16:42 IST" name="Testing6" finished-at="2020-07-05T17:16:44 IST" duration-ms="1841" status="PASS">
          <reporter-output>
          </reporter-output>
        </test-method> <!-- Testing6 -->
        <test-method signature="Testing7()[pri:7, instance:Test.Test_new@4313f5bc]" started-at="2020-07-05T17:16:44 IST" name="Testing7" finished-at="2020-07-05T17:16:46 IST" duration-ms="2054" status="PASS">
          <reporter-output>
          </reporter-output>
        </test-method> <!-- Testing7 -->
        <test-method signature="Testing8()[pri:8, instance:Test.Test_new@4313f5bc]" started-at="2020-07-05T17:16:46 IST" name="Testing8" finished-at="2020-07-05T17:17:16 IST" duration-ms="29580" status="PASS">
          <reporter-output>
          </reporter-output>
        </test-method> <!-- Testing8 -->
        <test-method signature="Testing9()[pri:9, instance:Test.Test_new@4313f5bc]" started-at="2020-07-05T17:17:16 IST" name="Testing9" finished-at="2020-07-05T17:17:48 IST" duration-ms="31963" status="PASS">
          <reporter-output>
          </reporter-output>
        </test-method> <!-- Testing9 -->
        <test-method signature="Testing10()[pri:10, instance:Test.Test_new@4313f5bc]" started-at="2020-07-05T17:17:48 IST" name="Testing10" finished-at="2020-07-05T17:17:49 IST" duration-ms="1771" status="PASS">
          <reporter-output>
          </reporter-output>
        </test-method> <!-- Testing10 -->
        <test-method signature="Testing11()[pri:11, instance:Test.Test_new@4313f5bc]" started-at="2020-07-05T17:17:49 IST" name="Testing11" finished-at="2020-07-05T17:17:51 IST" duration-ms="1751" status="PASS">
          <reporter-output>
          </reporter-output>
        </test-method> <!-- Testing11 -->
        <test-method signature="Testing12()[pri:12, instance:Test.Test_new@4313f5bc]" started-at="2020-07-05T17:17:51 IST" name="Testing12" finished-at="2020-07-05T17:17:53 IST" duration-ms="1801" status="PASS">
          <reporter-output>
          </reporter-output>
        </test-method> <!-- Testing12 -->
        <test-method signature="Testing13()[pri:13, instance:Test.Test_new@4313f5bc]" started-at="2020-07-05T17:17:53 IST" name="Testing13" finished-at="2020-07-05T17:18:29 IST" duration-ms="35909" status="PASS">
          <reporter-output>
          </reporter-output>
        </test-method> <!-- Testing13 -->
        <test-method signature="Testing14()[pri:14, instance:Test.Test_new@4313f5bc]" started-at="2020-07-05T17:18:29 IST" name="Testing14" finished-at="2020-07-05T17:18:30 IST" duration-ms="1591" status="PASS">
          <reporter-output>
          </reporter-output>
        </test-method> <!-- Testing14 -->
        <test-method signature="Testing15()[pri:15, instance:Test.Test_new@4313f5bc]" started-at="2020-07-05T17:18:30 IST" name="Testing15" finished-at="2020-07-05T17:19:12 IST" duration-ms="41967" status="PASS">
          <reporter-output>
          </reporter-output>
        </test-method> <!-- Testing15 -->
        <test-method signature="Testing16()[pri:16, instance:Test.Test_new@4313f5bc]" started-at="2020-07-05T17:19:12 IST" name="Testing16" finished-at="2020-07-05T17:19:57 IST" duration-ms="44537" status="PASS">
          <reporter-output>
          </reporter-output>
        </test-method> <!-- Testing16 -->
        <test-method signature="Testing17()[pri:17, instance:Test.Test_new@4313f5bc]" started-at="2020-07-05T17:19:57 IST" name="Testing17" finished-at="2020-07-05T17:19:58 IST" duration-ms="1503" status="PASS">
          <reporter-output>
          </reporter-output>
        </test-method> <!-- Testing17 -->
        <test-method signature="Testing18()[pri:18, instance:Test.Test_new@4313f5bc]" started-at="2020-07-05T17:19:58 IST" name="Testing18" finished-at="2020-07-05T17:20:47 IST" duration-ms="48607" status="PASS">
          <reporter-output>
          </reporter-output>
        </test-method> <!-- Testing18 -->
        <test-method signature="Testing19()[pri:19, instance:Test.Test_new@4313f5bc]" started-at="2020-07-05T17:20:47 IST" name="Testing19" finished-at="2020-07-05T17:20:49 IST" duration-ms="1518" status="PASS">
          <reporter-output>
          </reporter-output>
        </test-method> <!-- Testing19 -->
        <test-method signature="Testing20()[pri:20, instance:Test.Test_new@4313f5bc]" started-at="2020-07-05T17:20:49 IST" name="Testing20" finished-at="2020-07-05T17:20:50 IST" duration-ms="1693" status="PASS">
          <reporter-output>
          </reporter-output>
        </test-method> <!-- Testing20 -->
        <test-method is-config="true" signature="closeBrowser()[pri:0, instance:Test.Test_new@4313f5bc]" started-at="2020-07-05T17:20:50 IST" name="closeBrowser" finished-at="2020-07-05T17:20:51 IST" duration-ms="304" status="PASS">
          <reporter-output>
          </reporter-output>
        </test-method> <!-- closeBrowser -->
      </class> <!-- Test.Test_new -->
    </test> <!-- Default test -->
  </suite> <!-- Default suite -->
</testng-results>
